Fri Mar 30 08:17:19 CDT 2018 : Apache Derby Network Server - 10.11.1.2 - (1629631) started and ready to accept connections on port 1527
----------------------------------------------------------------
Fri Mar 30 08:17:19 CDT 2018:
Booting Derby version The Apache Software Foundation - Apache Derby - 10.11.1.2 - (1629631): instance a816c00e-0162-770e-26b7-000069cdd670 
on database directory /Users/mjmersenski/Google Drive/School/152-198 - Distributed Java/projects/DistJava/JavaCyclesJSF/javaCycles with class loader sun.misc.Launcher$AppClassLoader@5a07e868 
Loaded from file:/Library/Java/JavaVirtualMachines/jdk1.8.0_131.jdk/Contents/Home/db/lib/derby.jar
java.vendor=Oracle Corporation
java.runtime.version=1.8.0_131-b11
user.dir=/Library/Java/JavaVirtualMachines/jdk1.8.0_131.jdk/Contents/Home/db
os.name=Mac OS X
os.arch=x86_64
os.version=10.12.6
derby.system.home=/Users/mjmersenski/Google Drive/School/152-198 - Distributed Java/projects/DistJava/JavaCyclesJSF
Database Class Loader started - derby.database.classpath=''
----------------------------------------------------------------
Fri Mar 30 08:17:19 CDT 2018:
Shutting down instance a816c00e-0162-770e-26b7-000069cdd670 on database directory /Users/mjmersenski/Google Drive/School/152-198 - Distributed Java/projects/DistJava/JavaCyclesJSF/javaCycles with class loader sun.misc.Launcher$AppClassLoader@5a07e868 
Fri Mar 30 08:17:19 CDT 2018 Thread[DRDAConnThread_3,5,main] (DATABASE = javaCycles), (DRDAID = {2}), Database 'javaCycles' shutdown.
----------------------------------------------------------------
Fri Mar 30 08:18:14 CDT 2018:
Booting Derby version The Apache Software Foundation - Apache Derby - 10.11.1.2 - (1629631): instance a65c80ac-0162-770e-26b7-000069cdd670 
on database directory /Users/mjmersenski/Google Drive/School/152-198 - Distributed Java/projects/DistJava/JavaCyclesJSF/javaCycles with class loader sun.misc.Launcher$AppClassLoader@5a07e868 
Loaded from file:/Library/Java/JavaVirtualMachines/jdk1.8.0_131.jdk/Contents/Home/db/lib/derby.jar
java.vendor=Oracle Corporation
java.runtime.version=1.8.0_131-b11
user.dir=/Library/Java/JavaVirtualMachines/jdk1.8.0_131.jdk/Contents/Home/db
os.name=Mac OS X
os.arch=x86_64
os.version=10.12.6
derby.system.home=/Users/mjmersenski/Google Drive/School/152-198 - Distributed Java/projects/DistJava/JavaCyclesJSF
Database Class Loader started - derby.database.classpath=''
